Watching for file changes with StatReloader
Performing system checks...

System check identified some issues:

WARNINGS:
?: (staticfiles.W004) The directory 'E:\Backend Project\static' in the STATICFILES_DIRS setting does not exist.

System check identified 1 issue (0 silenced).
November 29, 2025 - 23:42:02
Django version 4.2.26, using settings 'hrms.settings'
Starting development server at http://0.0.0.0:8000/
Quit the server with CTRL-BREAK.

E:\Backend Project\app\views.py changed, reloading.
Watching for file changes with StatReloader
Performing system checks...

System check identified some issues:

WARNINGS:
?: (staticfiles.W004) The directory 'E:\Backend Project\static' in the STATICFILES_DIRS setting does not exist.

System check identified 1 issue (0 silenced).
November 29, 2025 - 23:53:53
Django version 4.2.26, using settings 'hrms.settings'
Starting development server at http://0.0.0.0:8000/
Quit the server with CTRL-BREAK.

E:\Backend Project\app\views.py changed, reloading.
Watching for file changes with StatReloader
Performing system checks...

System check identified some issues:

WARNINGS:
?: (staticfiles.W004) The directory 'E:\Backend Project\static' in the STATICFILES_DIRS setting does not exist.

System check identified 1 issue (0 silenced).
November 29, 2025 - 23:54:15
Django version 4.2.26, using settings 'hrms.settings'
Starting development server at http://0.0.0.0:8000/
Quit the server with CTRL-BREAK.

E:\Backend Project\app\views.py changed, reloading.
Watching for file changes with StatReloader
Performing system checks...

System check identified some issues:

WARNINGS:
?: (staticfiles.W004) The directory 'E:\Backend Project\static' in the STATICFILES_DIRS setting does not exist.

System check identified 1 issue (0 silenced).
November 29, 2025 - 23:54:35
Django version 4.2.26, using settings 'hrms.settings'
Starting development server at http://0.0.0.0:8000/
Quit the server with CTRL-BREAK.

E:\Backend Project\app\views.py changed, reloading.
Watching for file changes with StatReloader
Performing system checks...

System check identified some issues:

WARNINGS:
?: (staticfiles.W004) The directory 'E:\Backend Project\static' in the STATICFILES_DIRS setting does not exist.

System check identified 1 issue (0 silenced).
November 30, 2025 - 00:01:23
Django version 4.2.26, using settings 'hrms.settings'
Starting development server at http://0.0.0.0:8000/
Quit the server with CTRL-BREAK.

E:\Backend Project\app\views.py changed, reloading.
Watching for file changes with StatReloader
Performing system checks...

System check identified some issues:

WARNINGS:
?: (staticfiles.W004) The directory 'E:\Backend Project\static' in the STATICFILES_DIRS setting does not exist.

System check identified 1 issue (0 silenced).
November 30, 2025 - 00:01:41
Django version 4.2.26, using settings 'hrms.settings'
Starting development server at http://0.0.0.0:8000/
Quit the server with CTRL-BREAK.

E:\Backend Project\app\views.py changed, reloading.
Watching for file changes with StatReloader
Performing system checks...

System check identified some issues:

WARNINGS:
?: (staticfiles.W004) The directory 'E:\Backend Project\static' in the STATICFILES_DIRS setting does not exist.

System check identified 1 issue (0 silenced).
November 30, 2025 - 00:01:58
Django version 4.2.26, using settings 'hrms.settings'
Starting development server at http://0.0.0.0:8000/
Quit the server with CTRL-BREAK.

E:\Backend Project\app\urls.py changed, reloading.
Watching for file changes with StatReloader
Performing system checks...

System check identified some issues:

WARNINGS:
?: (staticfiles.W004) The directory 'E:\Backend Project\static' in the STATICFILES_DIRS setting does not exist.

System check identified 1 issue (0 silenced).
November 30, 2025 - 00:02:58
Django version 4.2.26, using settings 'hrms.settings'
Starting development server at http://0.0.0.0:8000/
Quit the server with CTRL-BREAK.

E:\Backend Project\app\views.py changed, reloading.
Watching for file changes with StatReloader
Performing system checks...

System check identified some issues:

WARNINGS:
?: (staticfiles.W004) The directory 'E:\Backend Project\static' in the STATICFILES_DIRS setting does not exist.

System check identified 1 issue (0 silenced).
November 30, 2025 - 00:09:08
Django version 4.2.26, using settings 'hrms.settings'
Starting development server at http://0.0.0.0:8000/
Quit the server with CTRL-BREAK.

E:\Backend Project\app\urls.py changed, reloading.
Watching for file changes with StatReloader
Performing system checks...

System check identified some issues:

WARNINGS:
?: (staticfiles.W004) The directory 'E:\Backend Project\static' in the STATICFILES_DIRS setting does not exist.

System check identified 1 issue (0 silenced).
November 30, 2025 - 00:10:06
Django version 4.2.26, using settings 'hrms.settings'
Starting development server at http://0.0.0.0:8000/
Quit the server with CTRL-BREAK.

E:\Backend Project\app\views.py changed, reloading.
Watching for file changes with StatReloader
Performing system checks...

System check identified some issues:

WARNINGS:
?: (staticfiles.W004) The directory 'E:\Backend Project\static' in the STATICFILES_DIRS setting does not exist.

System check identified 1 issue (0 silenced).
November 30, 2025 - 00:39:43
Django version 4.2.26, using settings 'hrms.settings'
Starting development server at http://0.0.0.0:8000/
Quit the server with CTRL-BREAK.

E:\Backend Project\app\views.py changed, reloading.
Watching for file changes with StatReloader
Performing system checks...

System check identified some issues:

WARNINGS:
?: (staticfiles.W004) The directory 'E:\Backend Project\static' in the STATICFILES_DIRS setting does not exist.

System check identified 1 issue (0 silenced).
November 30, 2025 - 01:04:28
Django version 4.2.26, using settings 'hrms.settings'
Starting development server at http://0.0.0.0:8000/
Quit the server with CTRL-BREAK.

E:\Backend Project\app\views.py changed, reloading.
Watching for file changes with StatReloader
Performing system checks...

System check identified some issues:

WARNINGS:
?: (staticfiles.W004) The directory 'E:\Backend Project\static' in the STATICFILES_DIRS setting does not exist.

System check identified 1 issue (0 silenced).
November 30, 2025 - 01:09:02
Django version 4.2.26, using settings 'hrms.settings'
Starting development server at http://0.0.0.0:8000/
Quit the server with CTRL-BREAK.

E:\Backend Project\app\urls.py changed, reloading.
Watching for file changes with StatReloader
Performing system checks...

Exception in thread django-main-thread:
Traceback (most recent call last):
  File "C:\Users\Dinesh Ade\AppData\Local\Programs\Python\Python314\Lib\threading.py", line 1081, in _bootstrap_inner
    self._context.run(self.run)
    ~~~~~~~~~~~~~~~~~^^^^^^^^^^
  File "C:\Users\Dinesh Ade\AppData\Local\Programs\Python\Python314\Lib\threading.py", line 1023, in run
    self._target(*self._args, **self._kwargs)
    ~~~~~~~~~~~~^^^^^^^^^^^^^^^^^^^^^^^^^^^^^
  File "C:\Users\Dinesh Ade\AppData\Local\Programs\Python\Python314\Lib\site-packages\django\utils\autoreload.py", line 64, in wrapper
    fn(*args, **kwargs)
    ~~^^^^^^^^^^^^^^^^^
  File "C:\Users\Dinesh Ade\AppData\Local\Programs\Python\Python314\Lib\site-packages\django\core\management\commands\runserver.py", line 133, in inner_run
    self.check(display_num_errors=True)
    ~~~~~~~~~~^^^^^^^^^^^^^^^^^^^^^^^^^
  File "C:\Users\Dinesh Ade\AppData\Local\Programs\Python\Python314\Lib\site-packages\django\core\management\base.py", line 485, in check
    all_issues = checks.run_checks(
        app_configs=app_configs,
    ...<2 lines>...
        databases=databases,
    )
  File "C:\Users\Dinesh Ade\AppData\Local\Programs\Python\Python314\Lib\site-packages\django\core\checks\registry.py", line 88, in run_checks
    new_errors = check(app_configs=app_configs, databases=databases)
  File "C:\Users\Dinesh Ade\AppData\Local\Programs\Python\Python314\Lib\site-packages\django\core\checks\urls.py", line 14, in check_url_config
    return check_resolver(resolver)
  File "C:\Users\Dinesh Ade\AppData\Local\Programs\Python\Python314\Lib\site-packages\django\core\checks\urls.py", line 24, in check_resolver
    return check_method()
  File "C:\Users\Dinesh Ade\AppData\Local\Programs\Python\Python314\Lib\site-packages\django\urls\resolvers.py", line 494, in check
    for pattern in self.url_patterns:
                   ^^^^^^^^^^^^^^^^^
  File "C:\Users\Dinesh Ade\AppData\Local\Programs\Python\Python314\Lib\site-packages\django\utils\functional.py", line 57, in __get__
    res = instance.__dict__[self.name] = self.func(instance)
                                         ~~~~~~~~~^^^^^^^^^^
  File "C:\Users\Dinesh Ade\AppData\Local\Programs\Python\Python314\Lib\site-packages\django\urls\resolvers.py", line 715, in url_patterns
    patterns = getattr(self.urlconf_module, "urlpatterns", self.urlconf_module)
                       ^^^^^^^^^^^^^^^^^^^
  File "C:\Users\Dinesh Ade\AppData\Local\Programs\Python\Python314\Lib\site-packages\django\utils\functional.py", line 57, in __get__
    res = instance.__dict__[self.name] = self.func(instance)
                                         ~~~~~~~~~^^^^^^^^^^
  File "C:\Users\Dinesh Ade\AppData\Local\Programs\Python\Python314\Lib\site-packages\django\urls\resolvers.py", line 708, in urlconf_module
    return import_module(self.urlconf_name)
  File "C:\Users\Dinesh Ade\AppData\Local\Programs\Python\Python314\Lib\importlib\__init__.py", line 88, in import_module
    return _bootstrap._gcd_import(name[level:], package, level)
           ~~~~~~~~~~~~~~~~~~~~~~^^^^^^^^^^^^^^^^^^^^^^^^^^^^^^
  File "<frozen importlib._bootstrap>", line 1398, in _gcd_import
  File "<frozen importlib._bootstrap>", line 1371, in _find_and_load
  File "<frozen importlib._bootstrap>", line 1342, in _find_and_load_unlocked
  File "<frozen importlib._bootstrap>", line 938, in _load_unlocked
  File "<frozen importlib._bootstrap_external>", line 762, in exec_module
  File "<frozen importlib._bootstrap>", line 491, in _call_with_frames_removed
  File "e:\Backend Project\hrms\urls.py", line 8, in <module>
    path('', include('app.urls')),
             ~~~~~~~^^^^^^^^^^^^
  File "C:\Users\Dinesh Ade\AppData\Local\Programs\Python\Python314\Lib\site-packages\django\urls\conf.py", line 38, in include
    urlconf_module = import_module(urlconf_module)
  File "C:\Users\Dinesh Ade\AppData\Local\Programs\Python\Python314\Lib\importlib\__init__.py", line 88, in import_module
    return _bootstrap._gcd_import(name[level:], package, level)
           ~~~~~~~~~~~~~~~~~~~~~~^^^^^^^^^^^^^^^^^^^^^^^^^^^^^^
  File "<frozen importlib._bootstrap>", line 1398, in _gcd_import
  File "<frozen importlib._bootstrap>", line 1371, in _find_and_load
  File "<frozen importlib._bootstrap>", line 1342, in _find_and_load_unlocked
  File "<frozen importlib._bootstrap>", line 938, in _load_unlocked
  File "<frozen importlib._bootstrap_external>", line 762, in exec_module
  File "<frozen importlib._bootstrap>", line 491, in _call_with_frames_removed
  File "e:\Backend Project\app\urls.py", line 48, in <module>
    path("update-team-member/", views.update_team_member, name="update-team-member"),
                                ^^^^^^^^^^^^^^^^^^^^^^^^
AttributeError: module 'app.views' has no attribute 'update_team_member'. Did you mean: 'create_team_leader'?
E:\Backend Project\app\urls.py changed, reloading.
Watching for file changes with StatReloader
Performing system checks...

Exception in thread django-main-thread:
Traceback (most recent call last):
  File "C:\Users\Dinesh Ade\AppData\Local\Programs\Python\Python314\Lib\threading.py", line 1081, in _bootstrap_inner
    self._context.run(self.run)
    ~~~~~~~~~~~~~~~~~^^^^^^^^^^
  File "C:\Users\Dinesh Ade\AppData\Local\Programs\Python\Python314\Lib\threading.py", line 1023, in run
    self._target(*self._args, **self._kwargs)
    ~~~~~~~~~~~~^^^^^^^^^^^^^^^^^^^^^^^^^^^^^
  File "C:\Users\Dinesh Ade\AppData\Local\Programs\Python\Python314\Lib\site-packages\django\utils\autoreload.py", line 64, in wrapper
    fn(*args, **kwargs)
    ~~^^^^^^^^^^^^^^^^^
  File "C:\Users\Dinesh Ade\AppData\Local\Programs\Python\Python314\Lib\site-packages\django\core\management\commands\runserver.py", line 133, in inner_run
    self.check(display_num_errors=True)
    ~~~~~~~~~~^^^^^^^^^^^^^^^^^^^^^^^^^
  File "C:\Users\Dinesh Ade\AppData\Local\Programs\Python\Python314\Lib\site-packages\django\core\management\base.py", line 485, in check
    all_issues = checks.run_checks(
        app_configs=app_configs,
    ...<2 lines>...
        databases=databases,
    )
  File "C:\Users\Dinesh Ade\AppData\Local\Programs\Python\Python314\Lib\site-packages\django\core\checks\registry.py", line 88, in run_checks
    new_errors = check(app_configs=app_configs, databases=databases)
  File "C:\Users\Dinesh Ade\AppData\Local\Programs\Python\Python314\Lib\site-packages\django\core\checks\urls.py", line 14, in check_url_config
    return check_resolver(resolver)
  File "C:\Users\Dinesh Ade\AppData\Local\Programs\Python\Python314\Lib\site-packages\django\core\checks\urls.py", line 24, in check_resolver
    return check_method()
  File "C:\Users\Dinesh Ade\AppData\Local\Programs\Python\Python314\Lib\site-packages\django\urls\resolvers.py", line 494, in check
    for pattern in self.url_patterns:
                   ^^^^^^^^^^^^^^^^^
  File "C:\Users\Dinesh Ade\AppData\Local\Programs\Python\Python314\Lib\site-packages\django\utils\functional.py", line 57, in __get__
    res = instance.__dict__[self.name] = self.func(instance)
                                         ~~~~~~~~~^^^^^^^^^^
  File "C:\Users\Dinesh Ade\AppData\Local\Programs\Python\Python314\Lib\site-packages\django\urls\resolvers.py", line 715, in url_patterns
    patterns = getattr(self.urlconf_module, "urlpatterns", self.urlconf_module)
                       ^^^^^^^^^^^^^^^^^^^
  File "C:\Users\Dinesh Ade\AppData\Local\Programs\Python\Python314\Lib\site-packages\django\utils\functional.py", line 57, in __get__
    res = instance.__dict__[self.name] = self.func(instance)
                                         ~~~~~~~~~^^^^^^^^^^
  File "C:\Users\Dinesh Ade\AppData\Local\Programs\Python\Python314\Lib\site-packages\django\urls\resolvers.py", line 708, in urlconf_module
    return import_module(self.urlconf_name)
  File "C:\Users\Dinesh Ade\AppData\Local\Programs\Python\Python314\Lib\importlib\__init__.py", line 88, in import_module
    return _bootstrap._gcd_import(name[level:], package, level)
           ~~~~~~~~~~~~~~~~~~~~~~^^^^^^^^^^^^^^^^^^^^^^^^^^^^^^
  File "<frozen importlib._bootstrap>", line 1398, in _gcd_import
  File "<frozen importlib._bootstrap>", line 1371, in _find_and_load
  File "<frozen importlib._bootstrap>", line 1342, in _find_and_load_unlocked
  File "<frozen importlib._bootstrap>", line 938, in _load_unlocked
  File "<frozen importlib._bootstrap_external>", line 762, in exec_module
  File "<frozen importlib._bootstrap>", line 491, in _call_with_frames_removed
  File "e:\Backend Project\hrms\urls.py", line 8, in <module>
    path('', include('app.urls')),
             ~~~~~~~^^^^^^^^^^^^
  File "C:\Users\Dinesh Ade\AppData\Local\Programs\Python\Python314\Lib\site-packages\django\urls\conf.py", line 38, in include
    urlconf_module = import_module(urlconf_module)
  File "C:\Users\Dinesh Ade\AppData\Local\Programs\Python\Python314\Lib\importlib\__init__.py", line 88, in import_module
    return _bootstrap._gcd_import(name[level:], package, level)
           ~~~~~~~~~~~~~~~~~~~~~~^^^^^^^^^^^^^^^^^^^^^^^^^^^^^^
  File "<frozen importlib._bootstrap>", line 1398, in _gcd_import
  File "<frozen importlib._bootstrap>", line 1371, in _find_and_load
  File "<frozen importlib._bootstrap>", line 1342, in _find_and_load_unlocked
  File "<frozen importlib._bootstrap>", line 938, in _load_unlocked
  File "<frozen importlib._bootstrap_external>", line 762, in exec_module
  File "<frozen importlib._bootstrap>", line 491, in _call_with_frames_removed
  File "e:\Backend Project\app\urls.py", line 49, in <module>
    path("remove-team-member/", views.remove_team_member, name="remove-team-member"),
                                ^^^^^^^^^^^^^^^^^^^^^^^^
AttributeError: module 'app.views' has no attribute 'remove_team_member'. Did you mean: 'get_team_members'?
E:\Backend Project\app\urls.py changed, reloading.
Watching for file changes with StatReloader
Performing system checks...

System check identified some issues:

WARNINGS:
?: (staticfiles.W004) The directory 'E:\Backend Project\static' in the STATICFILES_DIRS setting does not exist.

System check identified 1 issue (0 silenced).
November 30, 2025 - 01:22:56
Django version 4.2.26, using settings 'hrms.settings'
Starting development server at http://0.0.0.0:8000/
Quit the server with CTRL-BREAK.

E:\Backend Project\app\views.py changed, reloading.
Watching for file changes with StatReloader
Performing system checks...

System check identified some issues:

WARNINGS:
?: (staticfiles.W004) The directory 'E:\Backend Project\static' in the STATICFILES_DIRS setting does not exist.

System check identified 1 issue (0 silenced).
November 30, 2025 - 01:47:12
Django version 4.2.26, using settings 'hrms.settings'
Starting development server at http://0.0.0.0:8000/
Quit the server with CTRL-BREAK.

E:\Backend Project\app\views.py changed, reloading.
Watching for file changes with StatReloader
Performing system checks...

System check identified some issues:

WARNINGS:
?: (staticfiles.W004) The directory 'E:\Backend Project\static' in the STATICFILES_DIRS setting does not exist.

System check identified 1 issue (0 silenced).
November 30, 2025 - 01:53:37
Django version 4.2.26, using settings 'hrms.settings'
Starting development server at http://0.0.0.0:8000/
Quit the server with CTRL-BREAK.

E:\Backend Project\app\urls.py changed, reloading.
Watching for file changes with StatReloader
Performing system checks...

System check identified some issues:

WARNINGS:
?: (staticfiles.W004) The directory 'E:\Backend Project\static' in the STATICFILES_DIRS setting does not exist.

System check identified 1 issue (0 silenced).
November 30, 2025 - 01:53:50
Django version 4.2.26, using settings 'hrms.settings'
Starting development server at http://0.0.0.0:8000/
Quit the server with CTRL-BREAK.

